time="2024-04-11T19:38:21+05:00" level=info msg="logger has been initialized" func="server.go:41" file="github.com/iriskin77/testgo/server.(*APIServer).RunServer()"
time="2024-04-11T19:38:21+05:00" level=info msg="config has been initialized" func="server.go:47" file="github.com/iriskin77/testgo/server.(*APIServer).RunServer()"
time="2024-04-11T19:38:21+05:00" level=info msg="db has been initialized" func="server.go:66" file="github.com/iriskin77/testgo/server.(*APIServer).RunServer()"
time="2024-04-11T19:38:21+05:00" level=info msg="handlers have been initialized" func="server.go:83" file="github.com/iriskin77/testgo/server.(*APIServer).RunServer()"
time="2024-04-11T19:38:21+05:00" level=info msg="starting API Server" func="server.go:85" file="github.com/iriskin77/testgo/server.(*APIServer).RunServer()"
time="2024-04-11T19:43:42+05:00" level=info msg="logger has been initialized" func="server.go:41" file="github.com/iriskin77/testgo/server.(*APIServer).RunServer()"
time="2024-04-11T19:43:42+05:00" level=info msg="config has been initialized" func="server.go:47" file="github.com/iriskin77/testgo/server.(*APIServer).RunServer()"
time="2024-04-11T19:43:42+05:00" level=info msg="db has been initialized" func="server.go:66" file="github.com/iriskin77/testgo/server.(*APIServer).RunServer()"
time="2024-04-11T19:43:42+05:00" level=info msg="handlers have been initialized" func="server.go:83" file="github.com/iriskin77/testgo/server.(*APIServer).RunServer()"
time="2024-04-11T19:43:42+05:00" level=info msg="starting API Server" func="server.go:85" file="github.com/iriskin77/testgo/server.(*APIServer).RunServer()"
time="2024-04-11T19:44:49+05:00" level=info msg="logger has been initialized" func="server.go:41" file="github.com/iriskin77/testgo/server.(*APIServer).RunServer()"
time="2024-04-11T19:44:49+05:00" level=info msg="config has been initialized" func="server.go:47" file="github.com/iriskin77/testgo/server.(*APIServer).RunServer()"
time="2024-04-11T19:44:49+05:00" level=info msg="db has been initialized" func="server.go:66" file="github.com/iriskin77/testgo/server.(*APIServer).RunServer()"
time="2024-04-11T19:44:49+05:00" level=info msg="handlers have been initialized" func="server.go:81" file="github.com/iriskin77/testgo/server.(*APIServer).RunServer()"
time="2024-04-11T19:44:49+05:00" level=info msg="starting API Server" func="server.go:83" file="github.com/iriskin77/testgo/server.(*APIServer).RunServer()"
time="2024-04-11T19:45:14+05:00" level=info msg="logger has been initialized" func="server.go:41" file="github.com/iriskin77/testgo/server.(*APIServer).RunServer()"
time="2024-04-11T19:45:14+05:00" level=info msg="config has been initialized" func="server.go:47" file="github.com/iriskin77/testgo/server.(*APIServer).RunServer()"
time="2024-04-11T19:45:14+05:00" level=info msg="db has been initialized" func="server.go:66" file="github.com/iriskin77/testgo/server.(*APIServer).RunServer()"
time="2024-04-11T19:45:14+05:00" level=info msg="handlers have been initialized" func="server.go:81" file="github.com/iriskin77/testgo/server.(*APIServer).RunServer()"
time="2024-04-11T19:45:14+05:00" level=info msg="starting API Server" func="server.go:83" file="github.com/iriskin77/testgo/server.(*APIServer).RunServer()"
time="2024-04-11T19:45:53+05:00" level=info msg="logger has been initialized" func="server.go:41" file="github.com/iriskin77/testgo/server.(*APIServer).RunServer()"
time="2024-04-11T19:45:53+05:00" level=info msg="config has been initialized" func="server.go:47" file="github.com/iriskin77/testgo/server.(*APIServer).RunServer()"
time="2024-04-11T19:45:53+05:00" level=info msg="db has been initialized" func="server.go:66" file="github.com/iriskin77/testgo/server.(*APIServer).RunServer()"
time="2024-04-11T19:45:53+05:00" level=info msg="handlers have been initialized" func="server.go:81" file="github.com/iriskin77/testgo/server.(*APIServer).RunServer()"
time="2024-04-11T19:45:53+05:00" level=info msg="starting API Server" func="server.go:83" file="github.com/iriskin77/testgo/server.(*APIServer).RunServer()"
time="2024-04-11T19:46:59+05:00" level=info msg="logger has been initialized" func="server.go:41" file="github.com/iriskin77/testgo/server.(*APIServer).RunServer()"
time="2024-04-11T19:46:59+05:00" level=info msg="config has been initialized" func="server.go:47" file="github.com/iriskin77/testgo/server.(*APIServer).RunServer()"
time="2024-04-11T19:46:59+05:00" level=info msg="db has been initialized" func="server.go:66" file="github.com/iriskin77/testgo/server.(*APIServer).RunServer()"
time="2024-04-11T19:46:59+05:00" level=info msg="handlers have been initialized" func="server.go:81" file="github.com/iriskin77/testgo/server.(*APIServer).RunServer()"
time="2024-04-11T19:46:59+05:00" level=info msg="starting API Server" func="server.go:83" file="github.com/iriskin77/testgo/server.(*APIServer).RunServer()"
time="2024-04-11T19:53:35+05:00" level=info msg="logger has been initialized" func="server.go:40" file="github.com/iriskin77/testgo/server.(*APIServer).RunServer()"
time="2024-04-11T19:53:35+05:00" level=info msg="config has been initialized" func="server.go:46" file="github.com/iriskin77/testgo/server.(*APIServer).RunServer()"
time="2024-04-11T19:53:35+05:00" level=info msg="db has been initialized" func="server.go:65" file="github.com/iriskin77/testgo/server.(*APIServer).RunServer()"
time="2024-04-11T19:53:35+05:00" level=info msg="handlers have been initialized" func="server.go:78" file="github.com/iriskin77/testgo/server.(*APIServer).RunServer()"
time="2024-04-11T19:53:35+05:00" level=info msg="starting API Server" func="server.go:80" file="github.com/iriskin77/testgo/server.(*APIServer).RunServer()"
time="2024-04-11T20:00:32+05:00" level=info msg="logger has been initialized" func="server.go:42" file="github.com/iriskin77/testgo/server.(*APIServer).RunServer()"
time="2024-04-11T20:00:32+05:00" level=info msg="config has been initialized" func="server.go:48" file="github.com/iriskin77/testgo/server.(*APIServer).RunServer()"
time="2024-04-11T20:00:32+05:00" level=info msg="db has been initialized" func="server.go:67" file="github.com/iriskin77/testgo/server.(*APIServer).RunServer()"
time="2024-04-11T20:00:32+05:00" level=info msg="handlers have been initialized" func="server.go:82" file="github.com/iriskin77/testgo/server.(*APIServer).RunServer()"
time="2024-04-11T20:00:32+05:00" level=info msg="starting API Server" func="server.go:84" file="github.com/iriskin77/testgo/server.(*APIServer).RunServer()"
time="2024-04-11T20:01:20+05:00" level=info msg="logger has been initialized" func="server.go:43" file="github.com/iriskin77/testgo/server.(*APIServer).RunServer()"
time="2024-04-11T20:01:20+05:00" level=info msg="config has been initialized" func="server.go:49" file="github.com/iriskin77/testgo/server.(*APIServer).RunServer()"
time="2024-04-11T20:01:20+05:00" level=info msg="db has been initialized" func="server.go:68" file="github.com/iriskin77/testgo/server.(*APIServer).RunServer()"
time="2024-04-11T20:01:20+05:00" level=info msg="handlers have been initialized" func="server.go:83" file="github.com/iriskin77/testgo/server.(*APIServer).RunServer()"
time="2024-04-11T20:01:20+05:00" level=info msg="starting API Server" func="server.go:85" file="github.com/iriskin77/testgo/server.(*APIServer).RunServer()"
time="2024-04-11T20:03:05+05:00" level=info msg="logger has been initialized" func="server.go:43" file="github.com/iriskin77/testgo/server.(*APIServer).RunServer()"
time="2024-04-11T20:03:05+05:00" level=info msg="config has been initialized" func="server.go:49" file="github.com/iriskin77/testgo/server.(*APIServer).RunServer()"
time="2024-04-11T20:03:05+05:00" level=info msg="db has been initialized" func="server.go:68" file="github.com/iriskin77/testgo/server.(*APIServer).RunServer()"
time="2024-04-11T20:03:05+05:00" level=info msg="handlers have been initialized" func="server.go:83" file="github.com/iriskin77/testgo/server.(*APIServer).RunServer()"
time="2024-04-11T20:03:05+05:00" level=info msg="starting API Server" func="server.go:85" file="github.com/iriskin77/testgo/server.(*APIServer).RunServer()"
time="2024-04-11T20:03:53+05:00" level=info msg="logger has been initialized" func="server.go:43" file="github.com/iriskin77/testgo/server.(*APIServer).RunServer()"
time="2024-04-11T20:03:53+05:00" level=info msg="config has been initialized" func="server.go:49" file="github.com/iriskin77/testgo/server.(*APIServer).RunServer()"
time="2024-04-11T20:03:53+05:00" level=info msg="db has been initialized" func="server.go:68" file="github.com/iriskin77/testgo/server.(*APIServer).RunServer()"
time="2024-04-11T20:03:53+05:00" level=info msg="handlers have been initialized" func="server.go:83" file="github.com/iriskin77/testgo/server.(*APIServer).RunServer()"
time="2024-04-11T20:03:53+05:00" level=info msg="starting API Server" func="server.go:85" file="github.com/iriskin77/testgo/server.(*APIServer).RunServer()"
time="2024-04-11T20:04:07+05:00" level=info msg="logger has been initialized" func="server.go:43" file="github.com/iriskin77/testgo/server.(*APIServer).RunServer()"
time="2024-04-11T20:04:07+05:00" level=info msg="config has been initialized" func="server.go:49" file="github.com/iriskin77/testgo/server.(*APIServer).RunServer()"
time="2024-04-11T20:04:07+05:00" level=info msg="db has been initialized" func="server.go:68" file="github.com/iriskin77/testgo/server.(*APIServer).RunServer()"
time="2024-04-11T20:04:07+05:00" level=info msg="handlers have been initialized" func="server.go:83" file="github.com/iriskin77/testgo/server.(*APIServer).RunServer()"
time="2024-04-11T20:04:07+05:00" level=info msg="starting API Server" func="server.go:85" file="github.com/iriskin77/testgo/server.(*APIServer).RunServer()"
time="2024-04-11T20:04:35+05:00" level=info msg="logger has been initialized" func="server.go:42" file="github.com/iriskin77/testgo/server.(*APIServer).RunServer()"
time="2024-04-11T20:04:35+05:00" level=info msg="config has been initialized" func="server.go:48" file="github.com/iriskin77/testgo/server.(*APIServer).RunServer()"
time="2024-04-11T20:04:35+05:00" level=info msg="db has been initialized" func="server.go:67" file="github.com/iriskin77/testgo/server.(*APIServer).RunServer()"
time="2024-04-11T20:04:35+05:00" level=info msg="handlers have been initialized" func="server.go:82" file="github.com/iriskin77/testgo/server.(*APIServer).RunServer()"
time="2024-04-11T20:04:35+05:00" level=info msg="starting API Server" func="server.go:84" file="github.com/iriskin77/testgo/server.(*APIServer).RunServer()"
time="2024-04-11T20:05:13+05:00" level=error msg="Failed to get list cargos and the closest cars from DB ERROR: relation \"cargos\" does not exist (SQLSTATE 42P01)" func="handlers.go:109" file="github.com/iriskin77/testgo/internal/cargos.(*HandlerCargo).GetListCargos()"
time="2024-04-11T20:06:46+05:00" level=info msg="logger has been initialized" func="server.go:42" file="github.com/iriskin77/testgo/server.(*APIServer).RunServer()"
time="2024-04-11T20:06:46+05:00" level=info msg="config has been initialized" func="server.go:48" file="github.com/iriskin77/testgo/server.(*APIServer).RunServer()"
time="2024-04-11T20:06:46+05:00" level=info msg="db has been initialized" func="server.go:67" file="github.com/iriskin77/testgo/server.(*APIServer).RunServer()"
time="2024-04-11T20:06:46+05:00" level=info msg="handlers have been initialized" func="server.go:82" file="github.com/iriskin77/testgo/server.(*APIServer).RunServer()"
time="2024-04-11T20:06:46+05:00" level=info msg="starting API Server" func="server.go:84" file="github.com/iriskin77/testgo/server.(*APIServer).RunServer()"
time="2024-04-11T20:22:57+05:00" level=info msg="logger has been initialized" func="server.go:43" file="github.com/iriskin77/testgo/server.(*APIServer).RunServer()"
time="2024-04-11T20:22:57+05:00" level=info msg="config has been initialized" func="server.go:49" file="github.com/iriskin77/testgo/server.(*APIServer).RunServer()"
time="2024-04-11T20:22:57+05:00" level=info msg="db has been initialized" func="server.go:68" file="github.com/iriskin77/testgo/server.(*APIServer).RunServer()"
time="2024-04-11T20:22:57+05:00" level=info msg="handlers have been initialized" func="server.go:83" file="github.com/iriskin77/testgo/server.(*APIServer).RunServer()"
time="2024-04-11T20:22:57+05:00" level=info msg="starting API Server" func="server.go:85" file="github.com/iriskin77/testgo/server.(*APIServer).RunServer()"
time="2024-04-11T20:29:34+05:00" level=info msg="logger has been initialized" func="server.go:43" file="github.com/iriskin77/testgo/server.(*APIServer).RunServer()"
time="2024-04-11T20:29:34+05:00" level=info msg="config has been initialized" func="server.go:49" file="github.com/iriskin77/testgo/server.(*APIServer).RunServer()"
time="2024-04-11T20:29:34+05:00" level=info msg="db has been initialized" func="server.go:68" file="github.com/iriskin77/testgo/server.(*APIServer).RunServer()"
time="2024-04-11T20:29:34+05:00" level=info msg="handlers have been initialized" func="server.go:83" file="github.com/iriskin77/testgo/server.(*APIServer).RunServer()"
time="2024-04-11T20:29:34+05:00" level=info msg="starting API Server" func="server.go:85" file="github.com/iriskin77/testgo/server.(*APIServer).RunServer()"
time="2024-04-11T20:30:40+05:00" level=info msg="logger has been initialized" func="server.go:43" file="github.com/iriskin77/testgo/server.(*APIServer).RunServer()"
time="2024-04-11T20:30:40+05:00" level=info msg="config has been initialized" func="server.go:49" file="github.com/iriskin77/testgo/server.(*APIServer).RunServer()"
time="2024-04-11T20:30:40+05:00" level=info msg="db has been initialized" func="server.go:68" file="github.com/iriskin77/testgo/server.(*APIServer).RunServer()"
time="2024-04-11T20:30:40+05:00" level=info msg="handlers have been initialized" func="server.go:83" file="github.com/iriskin77/testgo/server.(*APIServer).RunServer()"
time="2024-04-11T20:30:40+05:00" level=info msg="starting API Server" func="server.go:85" file="github.com/iriskin77/testgo/server.(*APIServer).RunServer()"
time="2024-04-11T20:38:17+05:00" level=info msg="logger has been initialized" func="server.go:43" file="github.com/iriskin77/testgo/server.(*APIServer).RunServer()"
time="2024-04-11T20:38:17+05:00" level=info msg="config has been initialized" func="server.go:49" file="github.com/iriskin77/testgo/server.(*APIServer).RunServer()"
time="2024-04-11T20:38:17+05:00" level=info msg="db has been initialized" func="server.go:68" file="github.com/iriskin77/testgo/server.(*APIServer).RunServer()"
time="2024-04-11T20:38:17+05:00" level=info msg="handlers have been initialized" func="server.go:83" file="github.com/iriskin77/testgo/server.(*APIServer).RunServer()"
time="2024-04-11T20:38:17+05:00" level=info msg="starting API Server" func="server.go:85" file="github.com/iriskin77/testgo/server.(*APIServer).RunServer()"
time="2024-04-11T20:39:17+05:00" level=info msg="logger has been initialized" func="server.go:43" file="github.com/iriskin77/testgo/server.(*APIServer).RunServer()"
time="2024-04-11T20:39:17+05:00" level=info msg="config has been initialized" func="server.go:49" file="github.com/iriskin77/testgo/server.(*APIServer).RunServer()"
time="2024-04-11T20:39:17+05:00" level=info msg="db has been initialized" func="server.go:68" file="github.com/iriskin77/testgo/server.(*APIServer).RunServer()"
time="2024-04-11T20:39:17+05:00" level=info msg="handlers have been initialized" func="server.go:83" file="github.com/iriskin77/testgo/server.(*APIServer).RunServer()"
time="2024-04-11T20:39:17+05:00" level=info msg="starting API Server" func="server.go:85" file="github.com/iriskin77/testgo/server.(*APIServer).RunServer()"
time="2024-04-11T20:39:55+05:00" level=info msg="logger has been initialized" func="server.go:49" file="github.com/iriskin77/testgo/server.(*APIServer).RunServer()"
time="2024-04-11T20:39:55+05:00" level=info msg="config has been initialized" func="server.go:55" file="github.com/iriskin77/testgo/server.(*APIServer).RunServer()"
time="2024-04-11T20:39:55+05:00" level=info msg="db has been initialized" func="server.go:74" file="github.com/iriskin77/testgo/server.(*APIServer).RunServer()"
time="2024-04-11T20:39:55+05:00" level=info msg="handlers have been initialized" func="server.go:89" file="github.com/iriskin77/testgo/server.(*APIServer).RunServer()"
time="2024-04-11T20:39:55+05:00" level=info msg="starting API Server" func="server.go:91" file="github.com/iriskin77/testgo/server.(*APIServer).RunServer()"
time="2024-04-11T20:40:13+05:00" level=info msg="logger has been initialized" func="server.go:49" file="github.com/iriskin77/testgo/server.(*APIServer).RunServer()"
time="2024-04-11T20:40:13+05:00" level=info msg="config has been initialized" func="server.go:55" file="github.com/iriskin77/testgo/server.(*APIServer).RunServer()"
time="2024-04-11T20:40:13+05:00" level=info msg="db has been initialized" func="server.go:74" file="github.com/iriskin77/testgo/server.(*APIServer).RunServer()"
time="2024-04-11T20:40:13+05:00" level=info msg="handlers have been initialized" func="server.go:89" file="github.com/iriskin77/testgo/server.(*APIServer).RunServer()"
time="2024-04-11T20:40:13+05:00" level=info msg="starting API Server" func="server.go:91" file="github.com/iriskin77/testgo/server.(*APIServer).RunServer()"
time="2024-04-11T20:40:39+05:00" level=info msg="logger has been initialized" func="server.go:49" file="github.com/iriskin77/testgo/server.(*APIServer).RunServer()"
time="2024-04-11T20:40:39+05:00" level=info msg="config has been initialized" func="server.go:55" file="github.com/iriskin77/testgo/server.(*APIServer).RunServer()"
time="2024-04-11T20:40:39+05:00" level=info msg="db has been initialized" func="server.go:74" file="github.com/iriskin77/testgo/server.(*APIServer).RunServer()"
time="2024-04-11T20:40:39+05:00" level=info msg="handlers have been initialized" func="server.go:89" file="github.com/iriskin77/testgo/server.(*APIServer).RunServer()"
time="2024-04-11T20:40:39+05:00" level=info msg="starting API Server" func="server.go:91" file="github.com/iriskin77/testgo/server.(*APIServer).RunServer()"
time="2024-04-11T20:40:58+05:00" level=info msg="logger has been initialized" func="server.go:48" file="github.com/iriskin77/testgo/server.(*APIServer).RunServer()"
time="2024-04-11T20:40:58+05:00" level=info msg="config has been initialized" func="server.go:54" file="github.com/iriskin77/testgo/server.(*APIServer).RunServer()"
time="2024-04-11T20:40:58+05:00" level=info msg="db has been initialized" func="server.go:73" file="github.com/iriskin77/testgo/server.(*APIServer).RunServer()"
time="2024-04-11T20:40:58+05:00" level=info msg="handlers have been initialized" func="server.go:88" file="github.com/iriskin77/testgo/server.(*APIServer).RunServer()"
time="2024-04-11T20:40:58+05:00" level=info msg="starting API Server" func="server.go:90" file="github.com/iriskin77/testgo/server.(*APIServer).RunServer()"
time="2024-04-11T20:42:33+05:00" level=info msg="logger has been initialized" func="server.go:48" file="github.com/iriskin77/testgo/server.(*APIServer).RunServer()"
time="2024-04-11T20:42:33+05:00" level=info msg="config has been initialized" func="server.go:54" file="github.com/iriskin77/testgo/server.(*APIServer).RunServer()"
time="2024-04-11T20:42:33+05:00" level=info msg="db has been initialized" func="server.go:73" file="github.com/iriskin77/testgo/server.(*APIServer).RunServer()"
time="2024-04-11T20:42:33+05:00" level=info msg="handlers have been initialized" func="server.go:88" file="github.com/iriskin77/testgo/server.(*APIServer).RunServer()"
time="2024-04-11T20:42:33+05:00" level=info msg="starting API Server" func="server.go:90" file="github.com/iriskin77/testgo/server.(*APIServer).RunServer()"
time="2024-04-11T20:42:41+05:00" level=info msg="logger has been initialized" func="server.go:48" file="github.com/iriskin77/testgo/server.(*APIServer).RunServer()"
time="2024-04-11T20:42:41+05:00" level=info msg="config has been initialized" func="server.go:54" file="github.com/iriskin77/testgo/server.(*APIServer).RunServer()"
time="2024-04-11T20:42:41+05:00" level=info msg="db has been initialized" func="server.go:73" file="github.com/iriskin77/testgo/server.(*APIServer).RunServer()"
time="2024-04-11T20:42:41+05:00" level=info msg="handlers have been initialized" func="server.go:88" file="github.com/iriskin77/testgo/server.(*APIServer).RunServer()"
time="2024-04-11T20:42:41+05:00" level=info msg="starting API Server" func="server.go:90" file="github.com/iriskin77/testgo/server.(*APIServer).RunServer()"
time="2024-04-11T20:43:08+05:00" level=info msg="logger has been initialized" func="server.go:56" file="github.com/iriskin77/testgo/server.(*APIServer).RunServer()"
time="2024-04-11T20:43:08+05:00" level=info msg="config has been initialized" func="server.go:62" file="github.com/iriskin77/testgo/server.(*APIServer).RunServer()"
time="2024-04-11T20:43:08+05:00" level=info msg="db has been initialized" func="server.go:81" file="github.com/iriskin77/testgo/server.(*APIServer).RunServer()"
time="2024-04-11T20:43:08+05:00" level=info msg="handlers have been initialized" func="server.go:96" file="github.com/iriskin77/testgo/server.(*APIServer).RunServer()"
time="2024-04-11T20:43:08+05:00" level=info msg="starting API Server" func="server.go:98" file="github.com/iriskin77/testgo/server.(*APIServer).RunServer()"
time="2024-04-11T20:52:47+05:00" level=info msg="logger has been initialized" func="server.go:56" file="github.com/iriskin77/testgo/server.(*APIServer).RunServer()"
time="2024-04-11T20:52:47+05:00" level=info msg="config has been initialized" func="server.go:62" file="github.com/iriskin77/testgo/server.(*APIServer).RunServer()"
time="2024-04-11T20:52:47+05:00" level=info msg="db has been initialized" func="server.go:81" file="github.com/iriskin77/testgo/server.(*APIServer).RunServer()"
time="2024-04-11T20:52:47+05:00" level=info msg="handlers have been initialized" func="server.go:96" file="github.com/iriskin77/testgo/server.(*APIServer).RunServer()"
time="2024-04-11T20:52:47+05:00" level=info msg="starting API Server" func="server.go:98" file="github.com/iriskin77/testgo/server.(*APIServer).RunServer()"
time="2024-04-11T20:53:22+05:00" level=info msg="logger has been initialized" func="server.go:56" file="github.com/iriskin77/testgo/server.(*APIServer).RunServer()"
time="2024-04-11T20:53:22+05:00" level=info msg="config has been initialized" func="server.go:62" file="github.com/iriskin77/testgo/server.(*APIServer).RunServer()"
time="2024-04-11T20:53:22+05:00" level=info msg="db has been initialized" func="server.go:81" file="github.com/iriskin77/testgo/server.(*APIServer).RunServer()"
time="2024-04-11T20:53:22+05:00" level=info msg="handlers have been initialized" func="server.go:96" file="github.com/iriskin77/testgo/server.(*APIServer).RunServer()"
time="2024-04-11T20:53:22+05:00" level=info msg="starting API Server" func="server.go:98" file="github.com/iriskin77/testgo/server.(*APIServer).RunServer()"
time="2024-04-11T20:53:50+05:00" level=info msg="logger has been initialized" func="server.go:56" file="github.com/iriskin77/testgo/server.(*APIServer).RunServer()"
time="2024-04-11T20:53:50+05:00" level=info msg="config has been initialized" func="server.go:62" file="github.com/iriskin77/testgo/server.(*APIServer).RunServer()"
time="2024-04-11T20:53:50+05:00" level=info msg="db has been initialized" func="server.go:81" file="github.com/iriskin77/testgo/server.(*APIServer).RunServer()"
time="2024-04-11T20:53:50+05:00" level=info msg="handlers have been initialized" func="server.go:96" file="github.com/iriskin77/testgo/server.(*APIServer).RunServer()"
time="2024-04-11T20:53:50+05:00" level=info msg="starting API Server" func="server.go:98" file="github.com/iriskin77/testgo/server.(*APIServer).RunServer()"
time="2024-04-11T20:54:34+05:00" level=info msg="logger has been initialized" func="server.go:56" file="github.com/iriskin77/testgo/server.(*APIServer).RunServer()"
time="2024-04-11T20:54:34+05:00" level=info msg="config has been initialized" func="server.go:62" file="github.com/iriskin77/testgo/server.(*APIServer).RunServer()"
time="2024-04-11T20:54:34+05:00" level=info msg="db has been initialized" func="server.go:81" file="github.com/iriskin77/testgo/server.(*APIServer).RunServer()"
time="2024-04-11T20:54:34+05:00" level=info msg="handlers have been initialized" func="server.go:96" file="github.com/iriskin77/testgo/server.(*APIServer).RunServer()"
time="2024-04-11T20:54:34+05:00" level=info msg="starting API Server" func="server.go:98" file="github.com/iriskin77/testgo/server.(*APIServer).RunServer()"
time="2024-04-11T20:54:43+05:00" level=info msg="logger has been initialized" func="server.go:42" file="github.com/iriskin77/testgo/server.(*APIServer).RunServer()"
time="2024-04-11T20:54:43+05:00" level=info msg="config has been initialized" func="server.go:48" file="github.com/iriskin77/testgo/server.(*APIServer).RunServer()"
time="2024-04-11T20:54:43+05:00" level=info msg="db has been initialized" func="server.go:67" file="github.com/iriskin77/testgo/server.(*APIServer).RunServer()"
time="2024-04-11T20:54:43+05:00" level=info msg="handlers have been initialized" func="server.go:82" file="github.com/iriskin77/testgo/server.(*APIServer).RunServer()"
time="2024-04-11T20:54:43+05:00" level=info msg="starting API Server" func="server.go:84" file="github.com/iriskin77/testgo/server.(*APIServer).RunServer()"
time="2024-04-11T20:57:20+05:00" level=info msg="logger has been initialized" func="server.go:42" file="github.com/iriskin77/testgo/server.(*APIServer).RunServer()"
time="2024-04-11T20:57:20+05:00" level=info msg="config has been initialized" func="server.go:48" file="github.com/iriskin77/testgo/server.(*APIServer).RunServer()"
time="2024-04-11T20:57:20+05:00" level=info msg="db has been initialized" func="server.go:67" file="github.com/iriskin77/testgo/server.(*APIServer).RunServer()"
time="2024-04-11T20:57:20+05:00" level=info msg="handlers have been initialized" func="server.go:82" file="github.com/iriskin77/testgo/server.(*APIServer).RunServer()"
time="2024-04-11T20:57:20+05:00" level=info msg="starting API Server" func="server.go:84" file="github.com/iriskin77/testgo/server.(*APIServer).RunServer()"
time="2024-04-11T20:59:00+05:00" level=info msg="logger has been initialized" func="server.go:42" file="github.com/iriskin77/testgo/server.(*APIServer).RunServer()"
time="2024-04-11T20:59:00+05:00" level=info msg="config has been initialized" func="server.go:48" file="github.com/iriskin77/testgo/server.(*APIServer).RunServer()"
time="2024-04-11T20:59:00+05:00" level=info msg="db has been initialized" func="server.go:67" file="github.com/iriskin77/testgo/server.(*APIServer).RunServer()"
time="2024-04-11T20:59:00+05:00" level=info msg="handlers have been initialized" func="server.go:82" file="github.com/iriskin77/testgo/server.(*APIServer).RunServer()"
time="2024-04-11T20:59:00+05:00" level=info msg="starting API Server" func="server.go:84" file="github.com/iriskin77/testgo/server.(*APIServer).RunServer()"
time="2024-04-11T21:07:24+05:00" level=info msg="logger has been initialized" func="server.go:42" file="github.com/iriskin77/testgo/server.(*APIServer).RunServer()"
time="2024-04-11T21:07:24+05:00" level=info msg="config has been initialized" func="server.go:48" file="github.com/iriskin77/testgo/server.(*APIServer).RunServer()"
time="2024-04-11T21:07:24+05:00" level=info msg="db has been initialized" func="server.go:67" file="github.com/iriskin77/testgo/server.(*APIServer).RunServer()"
time="2024-04-11T21:07:24+05:00" level=info msg="handlers have been initialized" func="server.go:82" file="github.com/iriskin77/testgo/server.(*APIServer).RunServer()"
time="2024-04-11T21:07:24+05:00" level=info msg="starting API Server" func="server.go:84" file="github.com/iriskin77/testgo/server.(*APIServer).RunServer()"
time="2024-04-12T12:25:25+05:00" level=info msg="logger has been initialized" func="server.go:43" file="github.com/iriskin77/testgo/server.(*APIServer).RunServer()"
time="2024-04-12T12:25:25+05:00" level=info msg="config has been initialized" func="server.go:49" file="github.com/iriskin77/testgo/server.(*APIServer).RunServer()"
time="2024-04-12T12:25:25+05:00" level=info msg="db has been initialized" func="server.go:68" file="github.com/iriskin77/testgo/server.(*APIServer).RunServer()"
time="2024-04-12T12:25:25+05:00" level=info msg="handlers have been initialized" func="server.go:84" file="github.com/iriskin77/testgo/server.(*APIServer).RunServer()"
time="2024-04-12T12:25:25+05:00" level=info msg="starting API Server" func="server.go:86" file="github.com/iriskin77/testgo/server.(*APIServer).RunServer()"
time="2024-04-12T12:26:08+05:00" level=info msg="logger has been initialized" func="server.go:43" file="github.com/iriskin77/testgo/server.(*APIServer).RunServer()"
time="2024-04-12T12:26:08+05:00" level=info msg="config has been initialized" func="server.go:49" file="github.com/iriskin77/testgo/server.(*APIServer).RunServer()"
time="2024-04-12T12:26:08+05:00" level=info msg="db has been initialized" func="server.go:68" file="github.com/iriskin77/testgo/server.(*APIServer).RunServer()"
time="2024-04-12T12:26:08+05:00" level=info msg="handlers have been initialized" func="server.go:84" file="github.com/iriskin77/testgo/server.(*APIServer).RunServer()"
time="2024-04-12T12:26:08+05:00" level=info msg="starting API Server" func="server.go:86" file="github.com/iriskin77/testgo/server.(*APIServer).RunServer()"
time="2024-04-12T12:43:08+05:00" level=info msg="logger has been initialized" func="server.go:43" file="github.com/iriskin77/testgo/server.(*APIServer).RunServer()"
time="2024-04-12T12:43:08+05:00" level=info msg="config has been initialized" func="server.go:49" file="github.com/iriskin77/testgo/server.(*APIServer).RunServer()"
time="2024-04-12T12:43:08+05:00" level=info msg="db has been initialized" func="server.go:68" file="github.com/iriskin77/testgo/server.(*APIServer).RunServer()"
time="2024-04-12T12:43:08+05:00" level=info msg="handlers have been initialized" func="server.go:84" file="github.com/iriskin77/testgo/server.(*APIServer).RunServer()"
time="2024-04-12T12:43:08+05:00" level=info msg="starting API Server" func="server.go:86" file="github.com/iriskin77/testgo/server.(*APIServer).RunServer()"
time="2024-04-12T12:43:20+05:00" level=info msg="logger has been initialized" func="server.go:43" file="github.com/iriskin77/testgo/server.(*APIServer).RunServer()"
time="2024-04-12T12:43:20+05:00" level=info msg="config has been initialized" func="server.go:49" file="github.com/iriskin77/testgo/server.(*APIServer).RunServer()"
time="2024-04-12T12:43:20+05:00" level=info msg="db has been initialized" func="server.go:68" file="github.com/iriskin77/testgo/server.(*APIServer).RunServer()"
time="2024-04-12T12:43:20+05:00" level=info msg="handlers have been initialized" func="server.go:84" file="github.com/iriskin77/testgo/server.(*APIServer).RunServer()"
time="2024-04-12T12:43:20+05:00" level=info msg="starting API Server" func="server.go:86" file="github.com/iriskin77/testgo/server.(*APIServer).RunServer()"
time="2024-04-12T12:52:58+05:00" level=info msg="logger has been initialized" func="server.go:43" file="github.com/iriskin77/testgo/server.(*APIServer).RunServer()"
time="2024-04-12T12:52:58+05:00" level=info msg="config has been initialized" func="server.go:49" file="github.com/iriskin77/testgo/server.(*APIServer).RunServer()"
time="2024-04-12T12:52:58+05:00" level=info msg="db has been initialized" func="server.go:68" file="github.com/iriskin77/testgo/server.(*APIServer).RunServer()"
time="2024-04-12T12:52:58+05:00" level=info msg="handlers have been initialized" func="server.go:84" file="github.com/iriskin77/testgo/server.(*APIServer).RunServer()"
time="2024-04-12T12:52:58+05:00" level=info msg="starting API Server" func="server.go:86" file="github.com/iriskin77/testgo/server.(*APIServer).RunServer()"
time="2024-04-12T12:53:10+05:00" level=info msg="logger has been initialized" func="server.go:43" file="github.com/iriskin77/testgo/server.(*APIServer).RunServer()"
time="2024-04-12T12:53:10+05:00" level=info msg="config has been initialized" func="server.go:49" file="github.com/iriskin77/testgo/server.(*APIServer).RunServer()"
time="2024-04-12T12:53:10+05:00" level=info msg="db has been initialized" func="server.go:68" file="github.com/iriskin77/testgo/server.(*APIServer).RunServer()"
time="2024-04-12T12:53:10+05:00" level=info msg="handlers have been initialized" func="server.go:84" file="github.com/iriskin77/testgo/server.(*APIServer).RunServer()"
time="2024-04-12T12:53:10+05:00" level=info msg="starting API Server" func="server.go:86" file="github.com/iriskin77/testgo/server.(*APIServer).RunServer()"
time="2024-04-12T14:06:19+05:00" level=info msg="logger has been initialized" func="server.go:43" file="github.com/iriskin77/testgo/server.(*APIServer).RunServer()"
time="2024-04-12T14:06:19+05:00" level=info msg="config has been initialized" func="server.go:49" file="github.com/iriskin77/testgo/server.(*APIServer).RunServer()"
time="2024-04-12T14:06:19+05:00" level=info msg="db has been initialized" func="server.go:68" file="github.com/iriskin77/testgo/server.(*APIServer).RunServer()"
time="2024-04-12T14:06:19+05:00" level=info msg="handlers have been initialized" func="server.go:84" file="github.com/iriskin77/testgo/server.(*APIServer).RunServer()"
time="2024-04-12T14:06:19+05:00" level=info msg="starting API Server" func="server.go:86" file="github.com/iriskin77/testgo/server.(*APIServer).RunServer()"
time="2024-04-12T14:06:22+05:00" level=error msg="Failed to validate: invalid data to create a new user field #0 cannot be found in the struct" func="handlers.go:44" file="github.com/iriskin77/testgo/internal/users.(*HandlerUser).CreateUser()"
time="2024-04-12T14:07:00+05:00" level=error msg="Failed to validate: invalid data to create a new user field #0 cannot be found in the struct" func="handlers.go:44" file="github.com/iriskin77/testgo/internal/users.(*HandlerUser).CreateUser()"
time="2024-04-12T14:07:03+05:00" level=info msg="logger has been initialized" func="server.go:43" file="github.com/iriskin77/testgo/server.(*APIServer).RunServer()"
time="2024-04-12T14:07:03+05:00" level=info msg="config has been initialized" func="server.go:49" file="github.com/iriskin77/testgo/server.(*APIServer).RunServer()"
time="2024-04-12T14:07:03+05:00" level=info msg="db has been initialized" func="server.go:68" file="github.com/iriskin77/testgo/server.(*APIServer).RunServer()"
time="2024-04-12T14:07:03+05:00" level=info msg="handlers have been initialized" func="server.go:84" file="github.com/iriskin77/testgo/server.(*APIServer).RunServer()"
time="2024-04-12T14:07:03+05:00" level=info msg="starting API Server" func="server.go:86" file="github.com/iriskin77/testgo/server.(*APIServer).RunServer()"
time="2024-04-12T14:07:05+05:00" level=error msg="Failed to validate: invalid data to create a new user field #0 cannot be found in the struct" func="handlers.go:44" file="github.com/iriskin77/testgo/internal/users.(*HandlerUser).CreateUser()"
time="2024-04-12T14:07:39+05:00" level=info msg="logger has been initialized" func="server.go:43" file="github.com/iriskin77/testgo/server.(*APIServer).RunServer()"
time="2024-04-12T14:07:39+05:00" level=info msg="config has been initialized" func="server.go:49" file="github.com/iriskin77/testgo/server.(*APIServer).RunServer()"
time="2024-04-12T14:07:39+05:00" level=info msg="db has been initialized" func="server.go:68" file="github.com/iriskin77/testgo/server.(*APIServer).RunServer()"
time="2024-04-12T14:07:39+05:00" level=info msg="handlers have been initialized" func="server.go:84" file="github.com/iriskin77/testgo/server.(*APIServer).RunServer()"
time="2024-04-12T14:07:39+05:00" level=info msg="starting API Server" func="server.go:86" file="github.com/iriskin77/testgo/server.(*APIServer).RunServer()"
time="2024-04-12T14:07:41+05:00" level=error msg="Failed to validate: invalid data to create a new user field #0 cannot be found in the struct" func="handlers.go:44" file="github.com/iriskin77/testgo/internal/users.(*HandlerUser).CreateUser()"
time="2024-04-12T14:08:02+05:00" level=error msg="Failed to validate: invalid data to create a new user field #0 cannot be found in the struct" func="handlers.go:44" file="github.com/iriskin77/testgo/internal/users.(*HandlerUser).CreateUser()"
time="2024-04-12T14:10:57+05:00" level=info msg="logger has been initialized" func="server.go:43" file="github.com/iriskin77/testgo/server.(*APIServer).RunServer()"
time="2024-04-12T14:10:57+05:00" level=info msg="config has been initialized" func="server.go:49" file="github.com/iriskin77/testgo/server.(*APIServer).RunServer()"
time="2024-04-12T14:10:57+05:00" level=info msg="db has been initialized" func="server.go:68" file="github.com/iriskin77/testgo/server.(*APIServer).RunServer()"
time="2024-04-12T14:10:57+05:00" level=info msg="handlers have been initialized" func="server.go:84" file="github.com/iriskin77/testgo/server.(*APIServer).RunServer()"
time="2024-04-12T14:10:57+05:00" level=info msg="starting API Server" func="server.go:86" file="github.com/iriskin77/testgo/server.(*APIServer).RunServer()"
time="2024-04-12T14:10:58+05:00" level=error msg="Failed to validate: invalid data to create a new user field #0 cannot be found in the struct" func="handlers.go:44" file="github.com/iriskin77/testgo/internal/users.(*HandlerUser).CreateUser()"
time="2024-04-12T14:13:07+05:00" level=info msg="logger has been initialized" func="server.go:43" file="github.com/iriskin77/testgo/server.(*APIServer).RunServer()"
time="2024-04-12T14:13:07+05:00" level=info msg="config has been initialized" func="server.go:49" file="github.com/iriskin77/testgo/server.(*APIServer).RunServer()"
time="2024-04-12T14:13:07+05:00" level=info msg="db has been initialized" func="server.go:68" file="github.com/iriskin77/testgo/server.(*APIServer).RunServer()"
time="2024-04-12T14:13:07+05:00" level=info msg="handlers have been initialized" func="server.go:84" file="github.com/iriskin77/testgo/server.(*APIServer).RunServer()"
time="2024-04-12T14:13:07+05:00" level=info msg="starting API Server" func="server.go:86" file="github.com/iriskin77/testgo/server.(*APIServer).RunServer()"
time="2024-04-12T14:13:09+05:00" level=error msg="Failed to validate: invalid data to create a new user only a pointer to a struct can be validated" func="handlers.go:44" file="github.com/iriskin77/testgo/internal/users.(*HandlerUser).CreateUser()"
time="2024-04-12T14:13:22+05:00" level=info msg="logger has been initialized" func="server.go:43" file="github.com/iriskin77/testgo/server.(*APIServer).RunServer()"
time="2024-04-12T14:13:22+05:00" level=info msg="config has been initialized" func="server.go:49" file="github.com/iriskin77/testgo/server.(*APIServer).RunServer()"
time="2024-04-12T14:13:22+05:00" level=info msg="db has been initialized" func="server.go:68" file="github.com/iriskin77/testgo/server.(*APIServer).RunServer()"
time="2024-04-12T14:13:22+05:00" level=info msg="handlers have been initialized" func="server.go:84" file="github.com/iriskin77/testgo/server.(*APIServer).RunServer()"
time="2024-04-12T14:13:22+05:00" level=info msg="starting API Server" func="server.go:86" file="github.com/iriskin77/testgo/server.(*APIServer).RunServer()"
time="2024-04-12T14:13:24+05:00" level=error msg="Failed to validate: invalid data to create a new user password: cannot be blank." func="handlers.go:44" file="github.com/iriskin77/testgo/internal/users.(*HandlerUser).CreateUser()"
time="2024-04-12T14:25:25+05:00" level=info msg="logger has been initialized" func="server.go:43" file="github.com/iriskin77/testgo/server.(*APIServer).RunServer()"
time="2024-04-12T14:25:25+05:00" level=info msg="config has been initialized" func="server.go:49" file="github.com/iriskin77/testgo/server.(*APIServer).RunServer()"
time="2024-04-12T14:25:25+05:00" level=info msg="db has been initialized" func="server.go:68" file="github.com/iriskin77/testgo/server.(*APIServer).RunServer()"
time="2024-04-12T14:25:25+05:00" level=info msg="handlers have been initialized" func="server.go:84" file="github.com/iriskin77/testgo/server.(*APIServer).RunServer()"
time="2024-04-12T14:25:25+05:00" level=info msg="starting API Server" func="server.go:86" file="github.com/iriskin77/testgo/server.(*APIServer).RunServer()"
time="2024-04-12T14:25:27+05:00" level=error msg="Failed to create a new user ERROR: INSERT has more target columns than expressions (SQLSTATE 42601)" func="handlers.go:55" file="github.com/iriskin77/testgo/internal/users.(*HandlerUser).CreateUser()"
time="2024-04-12T14:26:03+05:00" level=info msg="logger has been initialized" func="server.go:43" file="github.com/iriskin77/testgo/server.(*APIServer).RunServer()"
time="2024-04-12T14:26:03+05:00" level=info msg="config has been initialized" func="server.go:49" file="github.com/iriskin77/testgo/server.(*APIServer).RunServer()"
time="2024-04-12T14:26:03+05:00" level=info msg="db has been initialized" func="server.go:68" file="github.com/iriskin77/testgo/server.(*APIServer).RunServer()"
time="2024-04-12T14:26:03+05:00" level=info msg="handlers have been initialized" func="server.go:84" file="github.com/iriskin77/testgo/server.(*APIServer).RunServer()"
time="2024-04-12T14:26:03+05:00" level=info msg="starting API Server" func="server.go:86" file="github.com/iriskin77/testgo/server.(*APIServer).RunServer()"
time="2024-04-12T16:39:26+05:00" level=info msg="logger has been initialized" func="server.go:43" file="github.com/iriskin77/testgo/server.(*APIServer).RunServer()"
time="2024-04-12T16:39:26+05:00" level=info msg="config has been initialized" func="server.go:49" file="github.com/iriskin77/testgo/server.(*APIServer).RunServer()"
time="2024-04-12T16:39:26+05:00" level=info msg="db has been initialized" func="server.go:68" file="github.com/iriskin77/testgo/server.(*APIServer).RunServer()"
time="2024-04-12T16:39:26+05:00" level=info msg="handlers have been initialized" func="server.go:84" file="github.com/iriskin77/testgo/server.(*APIServer).RunServer()"
time="2024-04-12T16:39:26+05:00" level=info msg="starting API Server" func="server.go:86" file="github.com/iriskin77/testgo/server.(*APIServer).RunServer()"
time="2024-04-12T16:43:16+05:00" level=info msg="logger has been initialized" func="server.go:43" file="github.com/iriskin77/testgo/server.(*APIServer).RunServer()"
time="2024-04-12T16:43:16+05:00" level=info msg="config has been initialized" func="server.go:49" file="github.com/iriskin77/testgo/server.(*APIServer).RunServer()"
time="2024-04-12T16:43:16+05:00" level=info msg="db has been initialized" func="server.go:68" file="github.com/iriskin77/testgo/server.(*APIServer).RunServer()"
time="2024-04-12T16:43:16+05:00" level=info msg="handlers have been initialized" func="server.go:84" file="github.com/iriskin77/testgo/server.(*APIServer).RunServer()"
time="2024-04-12T16:43:16+05:00" level=info msg="starting API Server" func="server.go:86" file="github.com/iriskin77/testgo/server.(*APIServer).RunServer()"
time="2024-04-12T16:43:38+05:00" level=info msg="logger has been initialized" func="server.go:43" file="github.com/iriskin77/testgo/server.(*APIServer).RunServer()"
time="2024-04-12T16:43:38+05:00" level=info msg="config has been initialized" func="server.go:49" file="github.com/iriskin77/testgo/server.(*APIServer).RunServer()"
time="2024-04-12T16:43:38+05:00" level=info msg="db has been initialized" func="server.go:68" file="github.com/iriskin77/testgo/server.(*APIServer).RunServer()"
time="2024-04-12T16:43:38+05:00" level=info msg="handlers have been initialized" func="server.go:84" file="github.com/iriskin77/testgo/server.(*APIServer).RunServer()"
time="2024-04-12T16:43:38+05:00" level=info msg="starting API Server" func="server.go:86" file="github.com/iriskin77/testgo/server.(*APIServer).RunServer()"
time="2024-04-12T16:43:49+05:00" level=error msg="Failed to validate users inpurt password: cannot be blank; username: cannot be blank." func="handlers.go:78" file="github.com/iriskin77/testgo/internal/users.(*HandlerUser).LoginUser()"
time="2024-04-12T16:44:02+05:00" level=error msg="Failed to validate users inpurt password: cannot be blank; username: cannot be blank." func="handlers.go:78" file="github.com/iriskin77/testgo/internal/users.(*HandlerUser).LoginUser()"
time="2024-04-12T16:44:28+05:00" level=error msg="Failed to validate users inpurt password: cannot be blank; username: cannot be blank." func="handlers.go:78" file="github.com/iriskin77/testgo/internal/users.(*HandlerUser).LoginUser()"
time="2024-04-12T16:44:54+05:00" level=info msg="logger has been initialized" func="server.go:43" file="github.com/iriskin77/testgo/server.(*APIServer).RunServer()"
time="2024-04-12T16:44:54+05:00" level=info msg="config has been initialized" func="server.go:49" file="github.com/iriskin77/testgo/server.(*APIServer).RunServer()"
time="2024-04-12T16:44:54+05:00" level=info msg="db has been initialized" func="server.go:68" file="github.com/iriskin77/testgo/server.(*APIServer).RunServer()"
time="2024-04-12T16:44:54+05:00" level=info msg="handlers have been initialized" func="server.go:84" file="github.com/iriskin77/testgo/server.(*APIServer).RunServer()"
time="2024-04-12T16:44:54+05:00" level=info msg="starting API Server" func="server.go:86" file="github.com/iriskin77/testgo/server.(*APIServer).RunServer()"
time="2024-04-12T16:44:55+05:00" level=error msg="Failed to validate users input password: cannot be blank; username: cannot be blank." func="handlers.go:80" file="github.com/iriskin77/testgo/internal/users.(*HandlerUser).LoginUser()"
time="2024-04-12T16:45:21+05:00" level=info msg="logger has been initialized" func="server.go:43" file="github.com/iriskin77/testgo/server.(*APIServer).RunServer()"
time="2024-04-12T16:45:21+05:00" level=info msg="config has been initialized" func="server.go:49" file="github.com/iriskin77/testgo/server.(*APIServer).RunServer()"
time="2024-04-12T16:45:21+05:00" level=info msg="db has been initialized" func="server.go:68" file="github.com/iriskin77/testgo/server.(*APIServer).RunServer()"
time="2024-04-12T16:45:21+05:00" level=info msg="handlers have been initialized" func="server.go:84" file="github.com/iriskin77/testgo/server.(*APIServer).RunServer()"
time="2024-04-12T16:45:21+05:00" level=info msg="starting API Server" func="server.go:86" file="github.com/iriskin77/testgo/server.(*APIServer).RunServer()"
time="2024-04-12T17:17:39+05:00" level=info msg="logger has been initialized" func="server.go:43" file="github.com/iriskin77/testgo/server.(*APIServer).RunServer()"
time="2024-04-12T17:17:39+05:00" level=info msg="config has been initialized" func="server.go:49" file="github.com/iriskin77/testgo/server.(*APIServer).RunServer()"
time="2024-04-12T17:17:39+05:00" level=info msg="db has been initialized" func="server.go:68" file="github.com/iriskin77/testgo/server.(*APIServer).RunServer()"
time="2024-04-12T17:17:39+05:00" level=info msg="handlers have been initialized" func="server.go:84" file="github.com/iriskin77/testgo/server.(*APIServer).RunServer()"
time="2024-04-12T17:17:39+05:00" level=info msg="starting API Server" func="server.go:86" file="github.com/iriskin77/testgo/server.(*APIServer).RunServer()"
time="2024-04-12T17:18:18+05:00" level=error msg="Failed to validate: invalid data to create a new user age: cannot be blank; email: cannot be blank; name: cannot be blank; surname: cannot be blank." func="handlers.go:51" file="github.com/iriskin77/testgo/internal/users.(*HandlerUser).CreateUser()"
time="2024-04-12T18:00:31+05:00" level=info msg="logger has been initialized" func="server.go:44" file="github.com/iriskin77/testgo/server.(*APIServer).RunServer()"
time="2024-04-12T18:00:31+05:00" level=info msg="config has been initialized" func="server.go:50" file="github.com/iriskin77/testgo/server.(*APIServer).RunServer()"
time="2024-04-12T18:00:31+05:00" level=info msg="db has been initialized" func="server.go:69" file="github.com/iriskin77/testgo/server.(*APIServer).RunServer()"
time="2024-04-12T18:00:31+05:00" level=info msg="handlers have been initialized" func="server.go:101" file="github.com/iriskin77/testgo/server.(*APIServer).RunServer()"
time="2024-04-12T18:00:31+05:00" level=info msg="starting API Server" func="server.go:103" file="github.com/iriskin77/testgo/server.(*APIServer).RunServer()"
time="2024-04-12T18:01:08+05:00" level=error msg="Failed to validate: invalid data to create a new user age: cannot be blank; email: cannot be blank; name: cannot be blank; surname: cannot be blank." func="handlers.go:38" file="github.com/iriskin77/testgo/internal/users.(*HandlerUser).CreateUser()"
time="2024-04-12T18:02:42+05:00" level=info msg="logger has been initialized" func="server.go:44" file="github.com/iriskin77/testgo/server.(*APIServer).RunServer()"
time="2024-04-12T18:02:42+05:00" level=info msg="config has been initialized" func="server.go:50" file="github.com/iriskin77/testgo/server.(*APIServer).RunServer()"
time="2024-04-12T18:02:42+05:00" level=info msg="db has been initialized" func="server.go:69" file="github.com/iriskin77/testgo/server.(*APIServer).RunServer()"
time="2024-04-12T18:02:42+05:00" level=info msg="handlers have been initialized" func="server.go:101" file="github.com/iriskin77/testgo/server.(*APIServer).RunServer()"
time="2024-04-12T18:02:42+05:00" level=info msg="starting API Server" func="server.go:103" file="github.com/iriskin77/testgo/server.(*APIServer).RunServer()"
time="2024-04-12T18:02:44+05:00" level=error msg="Failed to validate: invalid data to create a new user age: cannot be blank; email: cannot be blank; name: cannot be blank; surname: cannot be blank." func="handlers.go:38" file="github.com/iriskin77/testgo/internal/users.(*HandlerUser).CreateUser()"
